<?xml version="1.0" encoding="UTF-8"?>
<!-- Generated by org.testng.reporters.JUnitXMLReporter -->
<testsuite hostname="D1ML14617" ignored="0" name="API_tests" tests="1" failures="0" timestamp="22 Sep 2018 20:09:36 GMT" time="22.346" errors="0">
  <testcase name="@BeforeMethod beforeMethod" time="22.266" classname="com.my.automation.Post_Player_Notes">
    <failure type="java.lang.ArrayIndexOutOfBoundsException" message="0">
      <![CDATA[java.lang.ArrayIndexOutOfBoundsException: 0
at com.my.automation.APIBaseTest.beforeMethod(APIBaseTest.java:39)
at com.my.automation.Post_Player_Notes.beforeMethod(Post_Player_Notes.java:19)
... Removed 28 stack frames]]>
    </failure>
  </testcase> <!-- @BeforeMethod beforeMethod -->
  <testcase name="verifyPlayerNotes" time="0.0" classname="com.my.automation.Post_Player_Notes">
    <skipped/>
  </testcase> <!-- verifyPlayerNotes -->
</testsuite> <!-- API_tests -->
