<?xml version="1.0" encoding="UTF-8"?>
<testng-results skipped="1" failed="0" ignored="0" total="1" passed="0">
  <reporter-output>
  </reporter-output>
  <suite name="Default suite" duration-ms="69" started-at="2018-09-01T17:22:20Z" finished-at="2018-09-01T17:22:20Z">
    <groups>
    </groups>
    <test name="Default test" duration-ms="69" started-at="2018-09-01T17:22:20Z" finished-at="2018-09-01T17:22:20Z">
      <class name="com.my.automation.base.test.BaseAPITest">
        <test-method status="PASS" signature="beforeSuite(org.testng.ITestContext)[pri:0, instance:com.my.automation.base.test.BaseAPITest@58651fd0]" name="beforeSuite" is-config="true" duration-ms="37" started-at="2018-09-01T17:22:20Z" finished-at="2018-09-01T17:22:20Z">
          <params>
            <param index="0">
              <value>
                <![CDATA[org.testng.TestRunner@5a1c0542]]>
              </value>
            </param>
          </params>
          <reporter-output>
          </reporter-output>
        </test-method> <!-- beforeSuite -->
        <test-method status="FAIL" signature="beforeTest(java.lang.String, java.lang.String)[pri:0, instance:com.my.automation.base.test.BaseAPITest@58651fd0]" name="beforeTest" is-config="true" duration-ms="0" started-at="2018-09-01T17:22:20Z" finished-at="2018-09-01T17:22:20Z">
          <exception class="org.testng.TestNGException">
            <message>
              <![CDATA[
Parameter 'testEnvironment' is required by BeforeTest on method beforeTest but has not been marked @Optional or defined
in C:\Users\M1030633\AppData\Local\Temp\testng-eclipse--1779397759\testng-customsuite.xml]]>
            </message>
            <full-stacktrace>
              <![CDATA[org.testng.TestNGException: 
Parameter 'testEnvironment' is required by BeforeTest on method beforeTest but has not been marked @Optional or defined
in C:\Users\M1030633\AppData\Local\Temp\testng-eclipse--1779397759\testng-customsuite.xml
at org.testng.internal.Parameters.createParams(Parameters.java:290)
at org.testng.internal.Parameters.createParametersForMethod(Parameters.java:359)
at org.testng.internal.Parameters.createParameters(Parameters.java:620)
at org.testng.internal.Parameters.createConfigurationParameters(Parameters.java:190)
at org.testng.internal.Invoker.invokeConfigurations(Invoker.java:209)
at org.testng.internal.Invoker.invokeConfigurations(Invoker.java:142)
at org.testng.TestRunner.beforeRun(TestRunner.java:529)
at org.testng.TestRunner.run(TestRunner.java:497)
at org.testng.SuiteRunner.runTest(SuiteRunner.java:455)
at org.testng.SuiteRunner.runSequentially(SuiteRunner.java:450)
at org.testng.SuiteRunner.privateRun(SuiteRunner.java:415)
at org.testng.SuiteRunner.run(SuiteRunner.java:364)
at org.testng.SuiteRunnerWorker.runSuite(SuiteRunnerWorker.java:52)
at org.testng.SuiteRunnerWorker.run(SuiteRunnerWorker.java:84)
at org.testng.TestNG.runSuitesSequentially(TestNG.java:1208)
at org.testng.TestNG.runSuitesLocally(TestNG.java:1137)
at org.testng.TestNG.runSuites(TestNG.java:1049)
at org.testng.TestNG.run(TestNG.java:1017)
at org.testng.remote.AbstractRemoteTestNG.run(AbstractRemoteTestNG.java:114)
at org.testng.remote.RemoteTestNG.initAndRun(RemoteTestNG.java:251)
at org.testng.remote.RemoteTestNG.main(RemoteTestNG.java:77)
]]>
            </full-stacktrace>
          </exception> <!-- org.testng.TestNGException -->
          <reporter-output>
          </reporter-output>
        </test-method> <!-- beforeTest -->
        <test-method status="SKIP" signature="beforeMethod()[pri:0, instance:com.my.automation.base.test.BaseAPITest@58651fd0]" name="beforeMethod" is-config="true" duration-ms="0" started-at="2018-09-01T17:22:20Z" finished-at="2018-09-01T17:22:20Z">
          <reporter-output>
          </reporter-output>
        </test-method> <!-- beforeMethod -->
        <test-method status="SKIP" signature="f()[pri:0, instance:com.my.automation.base.test.BaseAPITest@58651fd0]" name="f" duration-ms="0" started-at="2018-09-01T17:22:20Z" finished-at="2018-09-01T17:22:20Z">
          <exception class="org.testng.TestNGException">
            <message>
              <![CDATA[
Parameter 'testEnvironment' is required by BeforeTest on method beforeTest but has not been marked @Optional or defined
in C:\Users\M1030633\AppData\Local\Temp\testng-eclipse--1779397759\testng-customsuite.xml]]>
            </message>
            <full-stacktrace>
              <![CDATA[org.testng.TestNGException: 
Parameter 'testEnvironment' is required by BeforeTest on method beforeTest but has not been marked @Optional or defined
in C:\Users\M1030633\AppData\Local\Temp\testng-eclipse--1779397759\testng-customsuite.xml
at org.testng.internal.Parameters.createParams(Parameters.java:290)
at org.testng.internal.Parameters.createParametersForMethod(Parameters.java:359)
at org.testng.internal.Parameters.createParameters(Parameters.java:620)
at org.testng.internal.Parameters.createConfigurationParameters(Parameters.java:190)
at org.testng.internal.Invoker.invokeConfigurations(Invoker.java:209)
at org.testng.internal.Invoker.invokeConfigurations(Invoker.java:142)
at org.testng.TestRunner.beforeRun(TestRunner.java:529)
at org.testng.TestRunner.run(TestRunner.java:497)
at org.testng.SuiteRunner.runTest(SuiteRunner.java:455)
at org.testng.SuiteRunner.runSequentially(SuiteRunner.java:450)
at org.testng.SuiteRunner.privateRun(SuiteRunner.java:415)
at org.testng.SuiteRunner.run(SuiteRunner.java:364)
at org.testng.SuiteRunnerWorker.runSuite(SuiteRunnerWorker.java:52)
at org.testng.SuiteRunnerWorker.run(SuiteRunnerWorker.java:84)
at org.testng.TestNG.runSuitesSequentially(TestNG.java:1208)
at org.testng.TestNG.runSuitesLocally(TestNG.java:1137)
at org.testng.TestNG.runSuites(TestNG.java:1049)
at org.testng.TestNG.run(TestNG.java:1017)
at org.testng.remote.AbstractRemoteTestNG.run(AbstractRemoteTestNG.java:114)
at org.testng.remote.RemoteTestNG.initAndRun(RemoteTestNG.java:251)
at org.testng.remote.RemoteTestNG.main(RemoteTestNG.java:77)
]]>
            </full-stacktrace>
          </exception> <!-- org.testng.TestNGException -->
          <reporter-output>
          </reporter-output>
        </test-method> <!-- f -->
      </class> <!-- com.my.automation.base.test.BaseAPITest -->
    </test> <!-- Default test -->
  </suite> <!-- Default suite -->
</testng-results>
